<?xml version="1.0" encoding="UTF-8"?>
<!-- Generated by org.testng.reporters.JUnitReportReporter -->
<testsuite hostname="LAPTOP-FA1A1U4P" failures="0" tests="4" name="Barclays_Client.switch_frame_window" time="8.723" errors="0" timestamp="16 Jun 2020 15:06:00 GMT" skipped="3">
  <testcase classname="Barclays_Client.switch_frame_window" name="MultipleSelect" time="8.723"/>
  <testcase classname="Barclays_Client.switch_frame_window" name="keyboardevent">
    <skipped/>
  </testcase> <!-- keyboardevent -->
  <testcase classname="Barclays_Client.switch_frame_window" name="noMultipleSelect">
    <skipped/>
  </testcase> <!-- noMultipleSelect -->
  <testcase classname="Barclays_Client.switch_frame_window" name="f">
    <skipped/>
  </testcase> <!-- f -->
</testsuite> <!-- Barclays_Client.switch_frame_window -->
