<?xml version="1.0" encoding="UTF-8"?>
<!-- Generated by org.testng.reporters.JUnitReportReporter -->
<testsuite hostname="LAPTOP-FA1A1U4P" failures="0" tests="2" name="pckg23052020.switch_frame_window" time="66.320" errors="0" timestamp="24 May 2020 19:16:02 GMT" skipped="1">
  <testcase classname="pckg23052020.switch_frame_window" name="keyboardevent" time="66.320"/>
  <testcase classname="pckg23052020.switch_frame_window" name="f">
    <skipped/>
  </testcase> <!-- f -->
</testsuite> <!-- pckg23052020.switch_frame_window -->
