<?xml version="1.0" encoding="UTF-8"?>
<!-- Generated by org.testng.reporters.JUnitReportReporter -->
<testsuite hostname="LAPTOP-FA1A1U4P" failures="0" tests="6" name="pckg23052020.Exceltestreadandwrite" time="61.369" errors="0" timestamp="10 Jun 2020 07:13:59 GMT" skipped="5">
  <testcase classname="pckg23052020.Exceltestreadandwrite" name="linktest" time="61.369"/>
  <testcase classname="pckg23052020.Exceltestreadandwrite" name="writeExcel">
    <skipped/>
  </testcase> <!-- writeExcel -->
  <testcase classname="pckg23052020.Exceltestreadandwrite" name="readExcel">
    <skipped/>
  </testcase> <!-- readExcel -->
  <testcase classname="pckg23052020.Exceltestreadandwrite" name="wordpressloginExcel">
    <skipped/>
  </testcase> <!-- wordpressloginExcel -->
  <testcase classname="pckg23052020.Exceltestreadandwrite" name="wordpressloginTest">
    <skipped/>
  </testcase> <!-- wordpressloginTest -->
  <testcase classname="pckg23052020.Exceltestreadandwrite" name="wordpresslogin">
    <skipped/>
  </testcase> <!-- wordpresslogin -->
</testsuite> <!-- pckg23052020.Exceltestreadandwrite -->
